{
  "stats": {
    "suites": 1,
    "tests": 1,
    "passes": 1,
    "pending": 0,
    "failures": 0,
    "start": "2025-10-06T10:07:00.790Z",
    "end": "2025-10-06T10:07:19.698Z",
    "duration": 18908,
    "testsRegistered": 1,
    "passPercent": 100,
    "pendingPercent": 0,
    "other": 0,
    "hasOther": false,
    "skipped": 0,
    "hasSkipped": false
  },
  "results": [
    {
      "uuid": "270d417b-a16b-4fd7-865d-c6da3f5fe1ad",
      "title": "",
      "fullFile": "C:\\Users\\jayka\\Downloads\\seleniumAutomation\\Acumen\\selenium-e-2-e\\modules\\login.test.js",
      "file": "\\modules\\login.test.js",
      "beforeHooks": [],
      "afterHooks": [],
      "tests": [],
      "suites": [
        {
          "uuid": "f3b1fcbf-5923-433d-8153-717b4f9e8883",
          "title": "Login Module",
          "fullFile": "C:\\Users\\jayka\\Downloads\\seleniumAutomation\\Acumen\\selenium-e-2-e\\modules\\login.test.js",
          "file": "\\modules\\login.test.js",
          "beforeHooks": [
            {
              "title": "\"before all\" hook in \"Login Module\"",
              "fullTitle": "Login Module \"before all\" hook in \"Login Module\"",
              "timedOut": false,
              "duration": 2229,
              "state": null,
              "speed": null,
              "pass": false,
              "fail": false,
              "pending": false,
              "context": null,
              "code": "driver = await getDriver();\nawait driver.get('http://localhost:3000/login');",
              "err": {},
              "uuid": "c5f11d5b-40c5-42c2-bbb8-fb538e251e31",
              "parentUUID": "f3b1fcbf-5923-433d-8153-717b4f9e8883",
              "isHook": true,
              "skipped": false
            }
          ],
          "afterHooks": [
            {
              "title": "\"after all\" hook in \"Login Module\"",
              "fullTitle": "Login Module \"after all\" hook in \"Login Module\"",
              "timedOut": false,
              "duration": 420,
              "state": null,
              "speed": null,
              "pass": false,
              "fail": false,
              "pending": false,
              "context": null,
              "code": "// Steps ko report me string ki form me add karenge\nconst duration = timer.stop();\ntestResults.push({\n  module: 'Login',\n  testCase: 'Login with valid credentials',\n  time: duration,\n  clicks: clickCount,\n  steps: steps.join(' -> '), // ✅ Add steps\n  status: 'Pass'\n});\nawait generateExcelReport(testResults);\nif (driver) await driver.quit();",
              "err": {},
              "uuid": "42df6657-69dc-451a-b9ad-7c3f6a1b5c86",
              "parentUUID": "f3b1fcbf-5923-433d-8153-717b4f9e8883",
              "isHook": true,
              "skipped": false
            }
          ],
          "tests": [
            {
              "title": "should login with valid credentials",
              "fullTitle": "Login Module should login with valid credentials",
              "timedOut": false,
              "duration": 16246,
              "state": "passed",
              "speed": "slow",
              "pass": true,
              "fail": false,
              "pending": false,
              "context": null,
              "code": "timer.start();\nconst emailInput = await driver.findElement(By.id('loginEmail'), 5000);\nawait emailInput.sendKeys('student-acumen@yopmail.com');\nsteps.push('Email Entered'); // ✅ Step record\nconst loginBtn = await driver.findElement(By.id('loginBtn'));\nawait loginBtn.click();\nclickCount++;\nsteps.push('Login Button Clicked'); // ✅ Step record\nawait driver.sleep(7000);\nconst otpInput = await driver.findElement(By.xpath('//*[@id=\"app\"]/main/div/div/div/div/div/form/div[3]/div/div[2]/input'));\nawait otpInput.sendKeys('123456');\nsteps.push('OTP Entered'); // ✅ Step record\nawait driver.sleep(3000);\nconst verifyBtn = await driver.findElement(By.xpath('//*[@id=\"app\"]/main/div/div/div/div/div/form/button'));\nawait verifyBtn.click();\nclickCount++;\nsteps.push('Verify Button Clicked'); // ✅ Step record\nawait driver.sleep(3000);",
              "err": {},
              "uuid": "65982f2d-70af-4db3-89a0-5718434a6388",
              "parentUUID": "f3b1fcbf-5923-433d-8153-717b4f9e8883",
              "isHook": false,
              "skipped": false
            }
          ],
          "suites": [],
          "passes": [
            "65982f2d-70af-4db3-89a0-5718434a6388"
          ],
          "failures": [],
          "pending": [],
          "skipped": [],
          "duration": 16246,
          "root": false,
          "rootEmpty": false,
          "_timeout": 60000
        }
      ],
      "passes": [],
      "failures": [],
      "pending": [],
      "skipped": [],
      "duration": 0,
      "root": true,
      "rootEmpty": true,
      "_timeout": 2000
    }
  ],
  "meta": {
    "mocha": {
      "version": "10.8.2"
    },
    "mochawesome": {
      "options": {
        "quiet": false,
        "reportFilename": "mochawesome",
        "saveHtml": true,
        "saveJson": true,
        "consoleReporter": "spec",
        "useInlineDiffs": false,
        "code": true
      },
      "version": "7.1.4"
    },
    "marge": {
      "options": null,
      "version": "6.3.0"
    }
  }
}